ClinicaNiloFinalApp/android/app/build/intermediates/manifest_merge_blame_file/debug/manifest-merger-blame-debug-report.txt
1<?xml version="1.0" encoding="utf-8"?>
2<manifest xmlns:android="http://schemas.android.com/apk/res/android"
3    package="io.ionic.starter"
4    android:versionCode="1"
5    android:versionName="1.0" >
6
7    <uses-sdk
8        android:minSdkVersion="21"
8-->src\main\AndroidManifest.xml
9        android:targetSdkVersion="30" />
9-->src\main\AndroidManifest.xml
10
11    <!-- Permissions -->
12
13    <uses-permission android:name="android.permission.INTERNET" />
13-->src\main\AndroidManifest.xml:40:5-67
13-->src\main\AndroidManifest.xml:40:22-64
14    <uses-permission android:name="android.permission.VIBRATE" />
14-->[:capacitor-haptics] AndroidManifest.xml:9:5-66
14-->[:capacitor-haptics] AndroidManifest.xml:9:22-63
15
16    <application
16-->src\main\AndroidManifest.xml:5:5-36:19
17        android:allowBackup="true"
17-->src\main\AndroidManifest.xml:6:9-35
18        android:appComponentFactory="androidx.core.app.CoreComponentFactory"
18-->[androidx.core:core:1.3.2] AndroidManifest.xml:24:18-86
19        android:debuggable="true"
20        android:icon="@mipmap/ic_launcher"
20-->src\main\AndroidManifest.xml:7:9-43
21        android:label="@string/app_name"
21-->src\main\AndroidManifest.xml:8:9-41
22        android:roundIcon="@mipmap/ic_launcher_round"
22-->src\main\AndroidManifest.xml:9:9-54
23        android:supportsRtl="true"
23-->src\main\AndroidManifest.xml:10:9-35
24        android:testOnly="true"
25        android:theme="@style/AppTheme" >
25-->src\main\AndroidManifest.xml:11:9-40
26        <activity
26-->src\main\AndroidManifest.xml:13:9-25:20
27            android:name="io.ionic.starter.MainActivity"
27-->src\main\AndroidManifest.xml:15:13-57
28            android:configChanges="orientation|keyboardHidden|keyboard|screenSize|locale|smallestScreenSize|screenLayout|uiMode"
28-->src\main\AndroidManifest.xml:14:13-129
29            android:label="@string/title_activity_main"
29-->src\main\AndroidManifest.xml:16:13-56
30            android:launchMode="singleTask"
30-->src\main\AndroidManifest.xml:18:13-44
31            android:theme="@style/AppTheme.NoActionBarLaunch" >
31-->src\main\AndroidManifest.xml:17:13-62
32            <intent-filter>
32-->src\main\AndroidManifest.xml:20:13-23:29
33                <action android:name="android.intent.action.MAIN" />
33-->src\main\AndroidManifest.xml:21:17-69
33-->src\main\AndroidManifest.xml:21:25-66
34
35                <category android:name="android.intent.category.LAUNCHER" />
35-->src\main\AndroidManifest.xml:22:17-77
35-->src\main\AndroidManifest.xml:22:27-74
36            </intent-filter>
37        </activity>
38
39        <provider
40            android:name="androidx.core.content.FileProvider"
40-->src\main\AndroidManifest.xml:28:13-62
41            android:authorities="io.ionic.starter.fileprovider"
41-->src\main\AndroidManifest.xml:29:13-64
42            android:exported="false"
42-->src\main\AndroidManifest.xml:30:13-37
43            android:grantUriPermissions="true" >
43-->src\main\AndroidManifest.xml:31:13-47
44            <meta-data
44-->src\main\AndroidManifest.xml:32:13-34:64
45                android:name="android.support.FILE_PROVIDER_PATHS"
45-->src\main\AndroidManifest.xml:33:17-67
46                android:resource="@xml/file_paths" />
46-->src\main\AndroidManifest.xml:34:17-51
47        </provider>
48    </application>
49
50</manifest>